0 info it worked if it ends with ok
1 verbose cli [ 'C:\\Program Files\\nodejs\\\\node.exe',
1 verbose cli   'C:\\Program Files\\nodejs\\node_modules\\npm\\bin\\npm-cli.js',
1 verbose cli   'install',
1 verbose cli   'mangoose' ]
2 info using npm@1.2.11
3 info using node@v0.8.20
4 verbose node symlink C:\Program Files\nodejs\\node.exe
5 verbose read json C:\Users\MohammedTaha\Desktop\201AprilClass\28_07_2013\StudentRegistration\package.json
6 warn package.json application-name@0.0.1 No README.md file found!
7 verbose read json C:\Users\MohammedTaha\Desktop\201AprilClass\28_07_2013\StudentRegistration\node_modules\ejs\package.json
8 verbose read json C:\Users\MohammedTaha\Desktop\201AprilClass\28_07_2013\StudentRegistration\node_modules\express\package.json
9 verbose from cache C:\Users\MohammedTaha\Desktop\201AprilClass\28_07_2013\StudentRegistration\package.json
10 verbose readDependencies using package.json deps
11 verbose cache add [ 'mangoose', null ]
12 verbose cache add name=undefined spec="mangoose" args=["mangoose",null]
13 verbose parsed url { pathname: 'mangoose', path: 'mangoose', href: 'mangoose' }
14 silly lockFile 2a58770c-mangoose mangoose
15 verbose lock mangoose C:\Users\MohammedTaha\AppData\Roaming\npm-cache\2a58770c-mangoose.lock
16 silly lockFile 2a58770c-mangoose mangoose
17 silly lockFile 2a58770c-mangoose mangoose
18 verbose addNamed [ 'mangoose', '' ]
19 verbose addNamed [ null, '' ]
20 silly lockFile 68faba89-mangoose mangoose@
21 verbose lock mangoose@ C:\Users\MohammedTaha\AppData\Roaming\npm-cache\68faba89-mangoose.lock
22 silly addNameRange { name: 'mangoose', range: '', hasData: false }
23 verbose url raw mangoose
24 verbose url resolving [ 'https://registry.npmjs.org/', './mangoose' ]
25 verbose url resolved https://registry.npmjs.org/mangoose
26 info trying registry request attempt 1 at 12:12:32
27 http GET https://registry.npmjs.org/mangoose
28 http 404 https://registry.npmjs.org/mangoose
29 silly registry.get cb [ 404,
29 silly registry.get   { server: 'CouchDB/1.3.0 (Erlang OTP/R15B03)',
29 silly registry.get     date: 'Sun, 28 Jul 2013 07:12:54 GMT',
29 silly registry.get     'content-type': 'application/json',
29 silly registry.get     'content-length': '52',
29 silly registry.get     'cache-control': 'must-revalidate' } ]
30 silly lockFile 68faba89-mangoose mangoose@
31 silly lockFile 68faba89-mangoose mangoose@
32 error 404 'mangoose' is not in the npm registry.
32 error 404 You should bug the author to publish it
32 error 404
32 error 404 Note that you can also install from a
32 error 404 tarball, folder, or http url, or git url.
33 error System Windows_NT 6.2.9200
34 error command "C:\\Program Files\\nodejs\\\\node.exe" "C:\\Program Files\\nodejs\\node_modules\\npm\\bin\\npm-cli.js" "install" "mangoose"
35 error cwd C:\Users\MohammedTaha\Desktop\201AprilClass\28_07_2013\StudentRegistration
36 error node -v v0.8.20
37 error npm -v 1.2.11
38 error code E404
39 verbose exit [ 1, true ]
